================================================================================
Appcelerator Titanium Diagnostics Build Log
The contents of this file are useful to send to Appcelerator Support if
reporting an issue to help us understand your environment, build settings
and aid in debugging. Please attach this log to any issue that you report.
================================================================================

Starting build at 12/22/12 12:43

Build details:

   timestamp=11/09/12 12:46
   module_apiversion=2
   version=2.1.4
   githash=51f2c64


Script arguments:
   /Users/albertsorianogarcia/Library/Application Support/Titanium/mobilesdk/osx/2.1.4.GA/iphone/builder.py
   simulator
   6.0
   /Users/albertsorianogarcia/Documents/Titanium Studio Workspace/ForestApp
   net.artvisual.forestapp
   ForestApp
   iphone
   iphone

Building from: /Users/albertsorianogarcia/Library/Application Support/Titanium/mobilesdk/osx/2.1.4.GA/iphone
Platform: Darwin Kernel Version 11.4.2: Thu Aug 23 16:25:48 PDT 2012; root:xnu-1699.32.7~1/RELEASE_X86_64

Xcode path is: /Applications/Xcode.app/Contents/Developer

[INFO] Detected third-party module: ti.imagefactory/1.1[INFO] Detected third-party module: ti.imagefactory/1.1
githash=51f2c64, existing_git_hash=51f2c64
writing contents of /Users/albertsorianogarcia/Documents/Titanium Studio Workspace/ForestApp/build/iphone/project.xcconfig:

TI_VERSION=2.1.4.GA
TI_SDK_DIR=/Users/albertsorianogarcia/Library/Application Support/Titanium/mobilesdk/osx/$(TI_VERSION)/iphone
TI_APPID=net.artvisual.forestapp
OTHER_LDFLAGS[sdk=iphoneos*]=$(inherited) -weak_framework iAd
OTHER_LDFLAGS[sdk=iphonesimulator*]=$(inherited) -weak_framework iAd
#include "module"

old contents


Generated the following stylecode code:

<?xml version="1.0" encoding="UTF-8"?>
<!DOCTYPE plist PUBLIC "-//Apple//DTD PLIST 1.0//EN" "http://www.apple.com/DTDs/PropertyList-1.0.dtd">
<plist version="1.0">
	<dict>
		<key>classes</key>
		<dict>
</dict>

		<key>classes_density</key>
		<dict>
</dict>

		<key>ids</key>
		<dict>
</dict>

		<key>ids_density</key>
		<dict>
</dict>

		<key>tags</key>
		<dict>
</dict>

		<key>tags_density</key>
		<dict>
</dict>

	</dict>
</plist>
Finishing build
